==========================================================
------------- CORIUM ENGINE v1.4 BY RONIN748 -------------
------------------ 2018-02-12.22:54:13 -------------------
==========================================================

max vertices: 33000
max indices: 33001
batch size: 33000
max tex size: 34040
OpenGL version: 3.1.0 NVIDIA 384.98
GL_RENDERER: GeForce GTX 770/PCIe/SSE2
0(19) : warning C7533: global variable gl_FragColor is deprecated after version 120

Linking program
Fragment info
-------------
0(19) : warning C7533: global variable gl_FragColor is deprecated after version 120

0(232) : warning C7533: global variable gl_FragColor is deprecated after version 120

Linking program
Fragment info
-------------
0(232) : warning C7533: global variable gl_FragColor is deprecated after version 120

Compiling shader : gfx/shader/pointShadowDepth.vert
Compiling shader : gfx/shader/pointShadowDepth.gs
Compiling shader : gfx/shader/pointShadowDepth.frag
0(4) : warning C7547: extension GL_ARB_geometry_shader4 not supported in profile gp5vp

0(4) : warning C7547: extension GL_ARB_geometry_shader4 not supported in profile gp5fp

Linking program
Vertex info
-----------
0(4) : warning C7547: extension GL_ARB_geometry_shader4 not supported in profile gp5vp

Fragment info
-------------
0(4) : warning C7547: extension GL_ARB_geometry_shader4 not supported in profile gp5fp

SCREEN WIDTH: 512 SCREEN HEIGHT: 300
st 9
sd t 10
FBO id: 9
0(12) : warning C7533: global variable gl_FragColor is deprecated after version 120

Linking program
Fragment info
-------------
0(12) : warning C7533: global variable gl_FragColor is deprecated after version 120

Vsync disabled!
loading map maps/hurricos/hurricos.cm...
running script maps/hurricos/hurricos.cl...
Running map scripts...
loading maps/hurricos/hurricos.cfg...
FPS: 844, rt: 0.834123 ms, draws: 69, batches: 4, tt: 3.22222 ms
lights: 3
Player pos: 40, 10.5061, -30
FPS: 996, rt: 0.710843 ms, draws: 72, batches: 4, tt: 2.26866 ms
lights: 3
Player pos: 40, 10.3425, -30
key 32 pressed!
FPS: 892, rt: 0.821749 ms, draws: 215, batches: 5, tt: 2.24242 ms
lights: 3
Player pos: 40, 15.7043, -30
FPS: 880, rt: 0.847727 ms, draws: 215, batches: 5, tt: 2.22388 ms
lights: 3
Player pos: 38.8196, 10.3337, -28.0229
key 68 pressed!
key 87 pressed!
FPS: 713, rt: 1.07153 ms, draws: 225, batches: 5, tt: 2.30303 ms
lights: 3
Player pos: 19.8264, 10.3478, -23.5261
key 65 pressed!
FPS: 694, rt: 1.06772 ms, draws: 237, batches: 5, tt: 2.48485 ms
lights: 3
Player pos: 32.3251, 10.3494, -24.1563
